db: mongodb://192.168.1.5:27017/octofarm
MongoDB Connected...
Checking Server Settings...
Server settings already exist, loaded existing values...
Checking Client Settings...
Client settings already exist, loaded existing values...
Starting System Printers Runner...
Promise { <pending> }
Starting System Information Runner...
System Information Runner Started...
HTTP server started...
You can now access your server on port: 4000
Grabbed 62 for checking
Setting up Statistics Collection
Statistics collection has started...
Checking for printer: 0
Printer: 0 is been setup...
Checking for printer: 1
Error grabbing state
Printer: 1 is been setup...
Checking for printer: 2
2: Grabbing State..
2: Grabbing File List...
Error grabbing state
2: Grabbing System Information...
2: Grabbing System Settings...
2: Grabbing Printer Profiles...
Printer: 2 is been setup...
Checking for printer: 3
3: Grabbing State..
3: Grabbing File List...
3: Grabbing System Information...
3: Grabbing System Settings...
3: Grabbing Printer Profiles...
Printer: 3 is been setup...
Checking for printer: 4
4: Grabbing State..
4: Grabbing File List...
4: Grabbing System Information...
4: Grabbing System Settings...
4: Grabbing Printer Profiles...
Printer: 4 is been setup...
Checking for printer: 5
5: Grabbing State..
5: Grabbing File List...
5: Grabbing System Information...
5: Grabbing System Settings...
5: Grabbing Printer Profiles...
Printer: 5 is been setup...
Checking for printer: 6
6: Grabbing State..
6: Grabbing File List...
6: Grabbing System Information...
6: Grabbing System Settings...
6: Grabbing Printer Profiles...
Printer: 6 is been setup...
Checking for printer: 7
7: Grabbing State..
7: Grabbing File List...
7: Grabbing System Information...
7: Grabbing System Settings...
7: Grabbing Printer Profiles...
Printer: 7 is been setup...
Checking for printer: 8
8: Grabbing State..
8: Grabbing File List...
8: Grabbing System Information...
8: Grabbing System Settings...
8: Grabbing Printer Profiles...
Printer: 8 is been setup...
Checking for printer: 9
9: Grabbing State..
9: Grabbing File List...
9: Grabbing System Information...
9: Grabbing System Settings...
9: Grabbing Printer Profiles...
Printer: 9 is been setup...
Checking for printer: 10
10: Grabbing State..
10: Grabbing File List...
10: Grabbing System Information...
10: Grabbing System Settings...
10: Grabbing Printer Profiles...
Printer: 10 is been setup...
Checking for printer: 11
11: Grabbing State..
11: Grabbing File List...
11: Grabbing System Information...
11: Grabbing System Settings...
11: Grabbing Printer Profiles...
Printer: 11 is been setup...
Checking for printer: 12
12: Grabbing State..
12: Grabbing File List...
12: Grabbing System Information...
12: Grabbing System Settings...
12: Grabbing Printer Profiles...
Printer: 12 is been setup...
Checking for printer: 13
13: Grabbing State..
13: Grabbing File List...
13: Grabbing System Information...
13: Grabbing System Settings...
13: Grabbing Printer Profiles...
Printer: 13 is been setup...
Checking for printer: 14
14: Grabbing State..
14: Grabbing File List...
14: Grabbing System Information...
14: Grabbing System Settings...
14: Grabbing Printer Profiles...
Printer: 14 is been setup...
Checking for printer: 15
15: Grabbing State..
15: Grabbing File List...
15: Grabbing System Information...
15: Grabbing System Settings...
15: Grabbing Printer Profiles...
Printer: 15 is been setup...
Checking for printer: 16
16: Grabbing State..
16: Grabbing File List...
16: Grabbing System Information...
16: Grabbing System Settings...
16: Grabbing Printer Profiles...
Printer: 16 is been setup...
Checking for printer: 17
17: Grabbing State..
17: Grabbing File List...
17: Grabbing System Information...
17: Grabbing System Settings...
17: Grabbing Printer Profiles...
Printer: 17 is been setup...
Checking for printer: 18
18: Grabbing State..
18: Grabbing File List...
18: Grabbing System Information...
18: Grabbing System Settings...
18: Grabbing Printer Profiles...
Printer: 18 is been setup...
Checking for printer: 19
19: Grabbing State..
19: Grabbing File List...
19: Grabbing System Information...
19: Grabbing System Settings...
19: Grabbing Printer Profiles...
Printer: 19 is been setup...
Checking for printer: 20
20: Grabbing State..
20: Grabbing File List...
20: Grabbing System Information...
20: Grabbing System Settings...
20: Grabbing Printer Profiles...
Printer: 20 is been setup...
Checking for printer: 21
21: Grabbing State..
21: Grabbing File List...
21: Grabbing System Information...
21: Grabbing System Settings...
21: Grabbing Printer Profiles...
Printer: 21 is been setup...
Checking for printer: 22
22: Grabbing State..
22: Grabbing File List...
22: Grabbing System Information...
22: Grabbing System Settings...
22: Grabbing Printer Profiles...
Printer: 22 is been setup...
Checking for printer: 23
23: Grabbing State..
23: Grabbing File List...
23: Grabbing System Information...
23: Grabbing System Settings...
23: Grabbing Printer Profiles...
Printer: 23 is been setup...
Checking for printer: 24
24: Grabbing State..
24: Grabbing File List...
24: Grabbing System Information...
24: Grabbing System Settings...
24: Grabbing Printer Profiles...
Printer: 24 is been setup...
Checking for printer: 25
25: Grabbing State..
25: Grabbing File List...
25: Grabbing System Information...
25: Grabbing System Settings...
25: Grabbing Printer Profiles...
Printer: 25 is been setup...
Checking for printer: 26
26: Grabbing State..
26: Grabbing File List...
26: Grabbing System Information...
26: Grabbing System Settings...
26: Grabbing Printer Profiles...
Printer: 26 is been setup...
Checking for printer: 27
27: Grabbing State..
27: Grabbing File List...
27: Grabbing System Information...
27: Grabbing System Settings...
27: Grabbing Printer Profiles...
Printer: 27 is been setup...
Checking for printer: 28
28: Grabbing State..
28: Grabbing File List...
28: Grabbing System Information...
28: Grabbing System Settings...
28: Grabbing Printer Profiles...
Printer: 28 is been setup...
Checking for printer: 29
29: Grabbing State..
29: Grabbing File List...
29: Grabbing System Information...
29: Grabbing System Settings...
29: Grabbing Printer Profiles...
Printer: 29 is been setup...
Checking for printer: 30
30: Grabbing State..
30: Grabbing File List...
30: Grabbing System Information...
30: Grabbing System Settings...
30: Grabbing Printer Profiles...
Printer: 30 is been setup...
Checking for printer: 31
31: Grabbing State..
31: Grabbing File List...
31: Grabbing System Information...
31: Grabbing System Settings...
31: Grabbing Printer Profiles...
Printer: 31 is been setup...
Checking for printer: 32
32: Grabbing State..
32: Grabbing File List...
32: Grabbing System Information...
32: Grabbing System Settings...
32: Grabbing Printer Profiles...
Printer: 32 is been setup...
Checking for printer: 33
33: Grabbing State..
33: Grabbing File List...
33: Grabbing System Information...
33: Grabbing System Settings...
33: Grabbing Printer Profiles...
Printer: 33 is been setup...
Checking for printer: 34
34: Grabbing State..
34: Grabbing File List...
34: Grabbing System Information...
34: Grabbing System Settings...
34: Grabbing Printer Profiles...
Printer: 34 is been setup...
Checking for printer: 35
35: Grabbing State..
35: Grabbing File List...
35: Grabbing System Information...
35: Grabbing System Settings...
35: Grabbing Printer Profiles...
Printer: 35 is been setup...
Checking for printer: 36
36: Grabbing State..
36: Grabbing File List...
36: Grabbing System Information...
36: Grabbing System Settings...
36: Grabbing Printer Profiles...
Printer: 36 is been setup...
Checking for printer: 37
37: Grabbing State..
37: Grabbing File List...
37: Grabbing System Information...
37: Grabbing System Settings...
37: Grabbing Printer Profiles...
Printer: 37 is been setup...
Checking for printer: 38
38: Grabbing State..
38: Grabbing File List...
38: Grabbing System Information...
38: Grabbing System Settings...
38: Grabbing Printer Profiles...
Printer: 38 is been setup...
Checking for printer: 39
39: Grabbing State..
39: Grabbing File List...
39: Grabbing System Information...
39: Grabbing System Settings...
39: Grabbing Printer Profiles...
Printer: 39 is been setup...
Checking for printer: 40
40: Grabbing State..
40: Grabbing File List...
40: Grabbing System Information...
40: Grabbing System Settings...
40: Grabbing Printer Profiles...
Printer: 40 is been setup...
Checking for printer: 41
41: Grabbing State..
41: Grabbing File List...
41: Grabbing System Information...
41: Grabbing System Settings...
41: Grabbing Printer Profiles...
Printer: 41 is been setup...
Checking for printer: 42
42: Grabbing State..
42: Grabbing File List...
42: Grabbing System Information...
42: Grabbing System Settings...
42: Grabbing Printer Profiles...
Printer: 42 is been setup...
Checking for printer: 43
43: Grabbing State..
43: Grabbing File List...
43: Grabbing System Information...
43: Grabbing System Settings...
43: Grabbing Printer Profiles...
Printer: 43 is been setup...
Checking for printer: 44
44: Grabbing State..
44: Grabbing File List...
44: Grabbing System Information...
44: Grabbing System Settings...
44: Grabbing Printer Profiles...
Printer: 44 is been setup...
Checking for printer: 45
45: Grabbing State..
45: Grabbing File List...
45: Grabbing System Information...
45: Grabbing System Settings...
45: Grabbing Printer Profiles...
Printer: 45 is been setup...
Checking for printer: 46
46: Grabbing State..
46: Grabbing File List...
46: Grabbing System Information...
46: Grabbing System Settings...
46: Grabbing Printer Profiles...
Printer: 46 is been setup...
Checking for printer: 47
47: Grabbing State..
47: Grabbing File List...
47: Grabbing System Information...
47: Grabbing System Settings...
47: Grabbing Printer Profiles...
Printer: 47 is been setup...
Checking for printer: 48
48: Grabbing State..
48: Grabbing File List...
48: Grabbing System Information...
48: Grabbing System Settings...
48: Grabbing Printer Profiles...
Printer: 48 is been setup...
Checking for printer: 49
49: Grabbing State..
49: Grabbing File List...
49: Grabbing System Information...
49: Grabbing System Settings...
49: Grabbing Printer Profiles...
Printer: 49 is been setup...
Checking for printer: 50
50: Grabbing State..
50: Grabbing File List...
50: Grabbing System Information...
50: Grabbing System Settings...
50: Grabbing Printer Profiles...
Printer: 50 is been setup...
Checking for printer: 51
51: Grabbing State..
51: Grabbing File List...
51: Grabbing System Information...
51: Grabbing System Settings...
51: Grabbing Printer Profiles...
Printer: 51 is been setup...
Checking for printer: 52
52: Grabbing State..
52: Grabbing File List...
52: Grabbing System Information...
52: Grabbing System Settings...
52: Grabbing Printer Profiles...
Printer: 52 is been setup...
Checking for printer: 53
53: Grabbing State..
53: Grabbing File List...
53: Grabbing System Information...
53: Grabbing System Settings...
53: Grabbing Printer Profiles...
Printer: 53 is been setup...
Checking for printer: 54
54: Grabbing State..
54: Grabbing File List...
54: Grabbing System Information...
54: Grabbing System Settings...
54: Grabbing Printer Profiles...
Printer: 54 is been setup...
Checking for printer: 55
55: Grabbing State..
55: Grabbing File List...
55: Grabbing System Information...
55: Grabbing System Settings...
55: Grabbing Printer Profiles...
Printer: 55 is been setup...
Checking for printer: 56
56: Grabbing State..
56: Grabbing File List...
56: Grabbing System Information...
56: Grabbing System Settings...
56: Grabbing Printer Profiles...
Printer: 56 is been setup...
Checking for printer: 57
57: Grabbing State..
57: Grabbing File List...
57: Grabbing System Information...
57: Grabbing System Settings...
57: Grabbing Printer Profiles...
Printer: 57 is been setup...
Checking for printer: 58
58: Grabbing State..
58: Grabbing File List...
58: Grabbing System Information...
58: Grabbing System Settings...
58: Grabbing Printer Profiles...
Printer: 58 is been setup...
Checking for printer: 59
59: Grabbing State..
59: Grabbing File List...
59: Grabbing System Information...
59: Grabbing System Settings...
59: Grabbing Printer Profiles...
Printer: 59 is been setup...
Checking for printer: 60
60: Grabbing State..
60: Grabbing File List...
60: Grabbing System Information...
60: Grabbing System Settings...
60: Grabbing Printer Profiles...
Printer: 60 is been setup...
Checking for printer: 61
61: Grabbing State..
61: Grabbing File List...
61: Grabbing System Information...
61: Grabbing System Settings...
61: Grabbing Printer Profiles...
Printer: 61 is been setup...
